<?xml version="1.0" encoding="UTF-8"?>
<!-- Generated by org.testng.reporters.JUnitReportReporter -->
<testsuite hostname="DESKTOP-AI1C3B6" failures="0" tests="1" name="test.KiteTest" time="4.049" errors="0" timestamp="2022-09-04T15:15:00 IST" skipped="0">
  <testcase classname="test.KiteTest" name="verifyuserID" time="4.049"/>
  <system-out>
    <![CDATA[running verify user id]]>
  </system-out>
</testsuite> <!-- test.KiteTest -->
